\BOOKMARK [0][-]{chapter*.1}{Remerciements}{}% 1
\BOOKMARK [0][-]{chapter*.5}{R\351sum\351 du rapport :}{}% 2
\BOOKMARK [0][-]{chapter.1}{Introduction}{}% 3
\BOOKMARK [1][-]{section.1.1}{Introduction de l'entreprise}{chapter.1}% 4
\BOOKMARK [2][-]{subsection.1.1.1}{Mission principale}{section.1.1}% 5
\BOOKMARK [2][-]{subsection.1.1.2}{Savoir-faire de Data-Gest}{section.1.1}% 6
\BOOKMARK [1][-]{section.1.2}{Introduction du sujet}{chapter.1}% 7
\BOOKMARK [2][-]{subsection.1.2.1}{Description}{section.1.2}% 8
\BOOKMARK [2][-]{subsection.1.2.2}{Objet final}{section.1.2}% 9
\BOOKMARK [2][-]{subsection.1.2.3}{Organisation du travail}{section.1.2}% 10
\BOOKMARK [0][-]{chapter.2}{Pr\351 \351tudes}{}% 11
\BOOKMARK [1][-]{section.2.1}{Serveur}{chapter.2}% 12
\BOOKMARK [2][-]{subsection.2.1.1}{Serveur local}{section.2.1}% 13
\BOOKMARK [2][-]{subsection.2.1.2}{Serveur distant}{section.2.1}% 14
\BOOKMARK [2][-]{subsection.2.1.3}{Probl\350me}{section.2.1}% 15
\BOOKMARK [1][-]{section.2.2}{ModuleDG}{chapter.2}% 16
\BOOKMARK [2][-]{subsection.2.2.1}{D\351finition}{section.2.2}% 17
\BOOKMARK [2][-]{subsection.2.2.2}{Structure}{section.2.2}% 18
\BOOKMARK [1][-]{section.2.3}{KdoMotiv}{chapter.2}% 19
\BOOKMARK [2][-]{subsection.2.3.1}{Pr\351sentation}{section.2.3}% 20
\BOOKMARK [2][-]{subsection.2.3.2}{La proc\351dure}{section.2.3}% 21
\BOOKMARK [2][-]{subsection.2.3.3}{Solutions}{section.2.3}% 22
\BOOKMARK [0][-]{chapter.3}{D\351roulement}{}% 23
\BOOKMARK [1][-]{section.3.1}{Configuration de l'environnement}{chapter.3}% 24
\BOOKMARK [2][-]{subsection.3.1.1}{Installer un serveur linux local}{section.3.1}% 25
\BOOKMARK [2][-]{subsection.3.1.2}{Configuration un serveur SVN sur seveur distant}{section.3.1}% 26
\BOOKMARK [2][-]{subsection.3.1.3}{Cr\351ation de la documentation du Data-Gest}{section.3.1}% 27
\BOOKMARK [1][-]{section.3.2}{Am\351lioration du framework KdoMotiv}{chapter.3}% 28
\BOOKMARK [1][-]{section.3.3}{Projets}{chapter.3}% 29
\BOOKMARK [0][-]{chapter*.35}{Conclusion}{}% 30
\BOOKMARK [0][-]{chapter*.36}{Bibliographie}{}% 31
\BOOKMARK [0][-]{appendix*.37}{Annexe}{}% 32
\BOOKMARK [1][-]{section..1}{Configuration du Postfix}{appendix*.37}% 33
